<?xml version="1.0" encoding="UTF-8"?>
<testng-results skipped="0" failed="0" ignored="0" total="4" passed="4">
  <reporter-output>
  </reporter-output>
  <suite name="Default suite" duration-ms="83674" started-at="2020-02-16T21:26:35 GMT" finished-at="2020-02-16T21:27:59 GMT">
    <groups>
    </groups>
    <test name="Default test" duration-ms="83674" started-at="2020-02-16T21:26:35 GMT" finished-at="2020-02-16T21:27:59 GMT">
      <class name="ourPeople.OctopusPeoplePage">
        <test-method status="PASS" signature="Image()[pri:0, instance:ourPeople.OctopusPeoplePage@527740a2]" name="Image" duration-ms="16048" started-at="2020-02-16T21:26:35 GMT" finished-at="2020-02-16T21:26:51 GMT">
          <reporter-output>
          </reporter-output>
        </test-method> <!-- Image -->
        <test-method status="PASS" signature="Searchfield()[pri:0, instance:ourPeople.OctopusPeoplePage@527740a2]" name="Searchfield" duration-ms="14217" started-at="2020-02-16T21:26:51 GMT" finished-at="2020-02-16T21:27:05 GMT">
          <reporter-output>
          </reporter-output>
        </test-method> <!-- Searchfield -->
        <test-method status="PASS" signature="SortbyAtoZ()[pri:0, instance:ourPeople.OctopusPeoplePage@527740a2]" name="SortbyAtoZ" duration-ms="27575" started-at="2020-02-16T21:27:05 GMT" finished-at="2020-02-16T21:27:33 GMT">
          <reporter-output>
          </reporter-output>
        </test-method> <!-- SortbyAtoZ -->
        <test-method status="PASS" signature="SortbyZtoA()[pri:0, instance:ourPeople.OctopusPeoplePage@527740a2]" name="SortbyZtoA" duration-ms="25795" started-at="2020-02-16T21:27:33 GMT" finished-at="2020-02-16T21:27:59 GMT">
          <reporter-output>
          </reporter-output>
        </test-method> <!-- SortbyZtoA -->
      </class> <!-- ourPeople.OctopusPeoplePage -->
    </test> <!-- Default test -->
  </suite> <!-- Default suite -->
</testng-results>
